<?xml version="1.0" encoding="UTF-8"?>
<!-- Generated by org.testng.reporters.JUnitReportReporter -->
<testsuite hostname="TRD-LAP-156" failures="0" tests="1" name="ABSLI_Login_Otp.ABSLI_LoginOTP" time="21.246" errors="0" timestamp="2023-03-01T16:16:52 IST" skipped="0">
  <testcase classname="ABSLI_Login_Otp.ABSLI_LoginOTP" name="Login" time="21.246"/>
  <system-out/>
</testsuite> <!-- ABSLI_Login_Otp.ABSLI_LoginOTP -->
