<?xml version="1.0" encoding="UTF-8"?>
<!-- Generated by org.testng.reporters.JUnitReportReporter -->
<testsuite hostname="TRD-LAP-156" failures="0" tests="3" name="TestCasess.TPD_Banca_Login_with_Password_Journey_BS8753" time="70.035" errors="0" timestamp="2023-03-02T18:23:27 IST" skipped="0">
  <testcase classname="TestCasess.TPD_Banca_Login_with_Password_Journey_BS8753" name="Login_With_Password_TPD_Banca_advisor" time="19.973"/>
  <system-out/>
  <testcase classname="TestCasess.TPD_Banca_Login_with_Password_Journey_BS8753" name="Login_WthPassword_verify_theDashboard_page" time="23.509"/>
  <system-out/>
  <testcase classname="TestCasess.TPD_Banca_Login_with_Password_Journey_BS8753" name="logout_with_Password_TPD_Banca_Verify_the_Welcome_to_Service_Buddy_LinkText" time="26.553"/>
  <system-out/>
</testsuite> <!-- TestCasess.TPD_Banca_Login_with_Password_Journey_BS8753 -->
