<?xml version="1.0" encoding="UTF-8"?>
<!-- Generated by org.testng.reporters.JUnitReportReporter -->
<testsuite hostname="TRD-LAP-156" failures="0" tests="1" name="Dashboard.OTPMatchCUstomer" time="60.527" errors="0" timestamp="2023-01-27T14:30:25 IST" skipped="0">
  <testcase classname="Dashboard.OTPMatchCUstomer" name="OTP" time="60.527"/>
  <system-out/>
</testsuite> <!-- Dashboard.OTPMatchCUstomer -->
