<?xml version="1.0" encoding="UTF-8"?>
<!-- Generated by org.testng.reporters.JUnitReportReporter -->
<testsuite hostname="TRD-LAP-156" failures="0" tests="3" name="TestCasess.APC_Login_with_Password_Journey_BG8127" time="92.535" errors="0" timestamp="2023-03-02T18:23:27 IST" skipped="0">
  <testcase classname="TestCasess.APC_Login_with_Password_Journey_BG8127" name="Login_With_Password_APC_advisor" time="21.517"/>
  <system-out/>
  <testcase classname="TestCasess.APC_Login_with_Password_Journey_BG8127" name="Login_WthPassword_verify_theDashboard_page" time="26.043"/>
  <system-out/>
  <testcase classname="TestCasess.APC_Login_with_Password_Journey_BG8127" name="logout_with_Password_APC_Advisor_Verify_the_Welcome_to_Service_Buddy_LinkText" time="44.975"/>
  <system-out/>
</testsuite> <!-- TestCasess.APC_Login_with_Password_Journey_BG8127 -->
