<?xml version="1.0" encoding="UTF-8"?>
<!-- Generated by org.testng.reporters.JUnitReportReporter -->
<testsuite hostname="TRD-LAP-156" failures="0" tests="3" name="TestCasess.DSF_Login_With_Password_Journey_660281" time="77.923" errors="0" timestamp="2023-03-02T18:23:27 IST" skipped="0">
  <testcase classname="TestCasess.DSF_Login_With_Password_Journey_660281" name="Login_With_Password_DSF_advisor" time="22.765"/>
  <system-out/>
  <testcase classname="TestCasess.DSF_Login_With_Password_Journey_660281" name="Login_WthPassword_verify_theDashboard_page" time="22.140"/>
  <system-out/>
  <testcase classname="TestCasess.DSF_Login_With_Password_Journey_660281" name="logout_with_Password_DSF_Advisor_Verify_the_Welcome_to_Service_Buddy_LinkText" time="33.018"/>
  <system-out/>
</testsuite> <!-- TestCasess.DSF_Login_With_Password_Journey_660281 -->
