<?xml version="1.0" encoding="UTF-8"?>
<!-- Generated by org.testng.reporters.JUnitReportReporter -->
<testsuite hostname="TRD-LAP-156" failures="0" tests="3" name="TestCasess.HDFC_Login_with_OTP_Journey_LF0438" time="63.594" errors="0" timestamp="2023-03-02T18:23:27 IST" skipped="0">
  <testcase classname="TestCasess.HDFC_Login_with_OTP_Journey_LF0438" name="Login_WithOTP_HDFC_advisor" time="20.201"/>
  <system-out/>
  <testcase classname="TestCasess.HDFC_Login_with_OTP_Journey_LF0438" name="HDFC_Advisor_Dashboard" time="19.987"/>
  <system-out/>
  <testcase classname="TestCasess.HDFC_Login_with_OTP_Journey_LF0438" name="logout_with_HDFC_Advisor" time="23.406"/>
  <system-out/>
</testsuite> <!-- TestCasess.HDFC_Login_with_OTP_Journey_LF0438 -->
