<?xml version="1.0" encoding="UTF-8"?>
<!-- Generated by org.testng.reporters.JUnitReportReporter -->
<testsuite hostname="TRD-LAP-156" failures="0" tests="3" name="TestCasess.HDFC_Login_with_Password_Journey_LF0438" time="81.893" errors="0" timestamp="2023-03-02T18:23:27 IST" skipped="0">
  <testcase classname="TestCasess.HDFC_Login_with_Password_Journey_LF0438" name="Login_With_Password_HDFC_advisor" time="33.113"/>
  <system-out/>
  <testcase classname="TestCasess.HDFC_Login_with_Password_Journey_LF0438" name="Login_WthPassword_verify_theDashboard_page" time="23.412"/>
  <system-out/>
  <testcase classname="TestCasess.HDFC_Login_with_Password_Journey_LF0438" name="logout_with_Password_HDFC_Advisor_Verify_the_Welcome_to_Service_Buddy_LinkText" time="25.368"/>
  <system-out/>
</testsuite> <!-- TestCasess.HDFC_Login_with_Password_Journey_LF0438 -->
