<?xml version="1.0" encoding="UTF-8"?>
<!-- Generated by org.testng.reporters.JUnitReportReporter -->
<testsuite hostname="TRD-LAP-156" failures="0" tests="3" name="TestCasess.APC_Login_with_OTP_Journey_BG8127" time="78.943" errors="0" timestamp="2023-03-02T18:23:27 IST" skipped="0">
  <testcase classname="TestCasess.APC_Login_with_OTP_Journey_BG8127" name="Login_WithOTP_APC_advisor" time="23.342"/>
  <system-out/>
  <testcase classname="TestCasess.APC_Login_with_OTP_Journey_BG8127" name="APC_Advisor_Dashboard" time="23.491"/>
  <system-out/>
  <testcase classname="TestCasess.APC_Login_with_OTP_Journey_BG8127" name="logout_with_APC_Advisor" time="32.110"/>
  <system-out/>
</testsuite> <!-- TestCasess.APC_Login_with_OTP_Journey_BG8127 -->
