<?xml version="1.0" encoding="UTF-8"?>
<!-- Generated by org.testng.reporters.JUnitReportReporter -->
<testsuite hostname="TRD-LAP-156" failures="0" tests="3" name="TestCasess.TPD_Banca_Login_with_OTP_Journey_BS8753" time="64.494" errors="0" timestamp="2023-03-02T18:23:27 IST" skipped="0">
  <testcase classname="TestCasess.TPD_Banca_Login_with_OTP_Journey_BS8753" name="Login_WithOTP_TPD_Banca_advisor" time="18.636"/>
  <system-out/>
  <testcase classname="TestCasess.TPD_Banca_Login_with_OTP_Journey_BS8753" name="TPD_Banca_Dashboard" time="21.556"/>
  <system-out/>
  <testcase classname="TestCasess.TPD_Banca_Login_with_OTP_Journey_BS8753" name="logout_with_TPD_Banca_Advisor" time="24.302"/>
  <system-out/>
</testsuite> <!-- TestCasess.TPD_Banca_Login_with_OTP_Journey_BS8753 -->
